<?xml version="1.0" encoding="UTF-8"?>
<!-- Generated by org.testng.reporters.JUnitReportReporter -->
<testsuite hostname="DESKTOP-F4NLSDS" failures="0" tests="1" name="TestClasses.Verifyusercanlogin" time="6.929" errors="0" timestamp="2022-07-27T18:43:55 IST" skipped="0">
  <testcase classname="TestClasses.Verifyusercanlogin" name="verifyusercanlogin" time="6.929"/>
  <system-out/>
</testsuite> <!-- TestClasses.Verifyusercanlogin -->
