<?xml version="1.0" encoding="UTF-8"?>
<!-- Generated by org.testng.reporters.JUnitReportReporter -->
<testsuite hostname="DESKTOP-F4NLSDS" failures="0" tests="2" name="TestClasses.Verifyusercanaddaddress" time="4.192" errors="0" timestamp="2022-07-27T18:43:55 IST" skipped="0">
  <testcase classname="TestClasses.Verifyusercanaddaddress" name="verifyusercangotoprofile" time="1.056"/>
  <system-out/>
  <testcase classname="TestClasses.Verifyusercanaddaddress" name="verifyuserupdateaddress" time="3.136"/>
  <system-out/>
</testsuite> <!-- TestClasses.Verifyusercanaddaddress -->
